  [1m[35m (122.4ms)[0m  [1m[35mCREATE TABLE "schema_migrations" ("version" varchar NOT NULL PRIMARY KEY)[0m
  [1m[35m (125.9ms)[0m  [1m[35mCREATE TABLE "ar_internal_metadata" ("key" varchar NOT NULL PRIMARY KEY, "value" varchar, "created_at" datetime(6) NOT NULL, "updated_at" datetime(6) NOT NULL)[0m
  [1m[36mActiveRecord::SchemaMigration Pluck (0.7ms)[0m  [1m[34mSELECT "schema_migrations"."version" FROM "schema_migrations" ORDER BY "schema_migrations"."version" ASC[0m
Migrating to CreateRestaurants (20230623085130)
  [1m[36mTRANSACTION (0.1ms)[0m  [1m[36mbegin transaction[0m
  [1m[35m (0.5ms)[0m  [1m[35mCREATE TABLE "restaurants" ("id" integer PRIMARY KEY AUTOINCREMENT NOT NULL, "name" varchar, "address" varchar, "created_at" datetime(6) NOT NULL, "updated_at" datetime(6) NOT NULL)[0m
  [1m[36mActiveRecord::SchemaMigration Create (0.3ms)[0m  [1m[32mINSERT INTO "schema_migrations" ("version") VALUES (?)[0m  [["version", "20230623085130"]]
  [1m[36mTRANSACTION (168.4ms)[0m  [1m[36mcommit transaction[0m
Migrating to CreatePizzas (20230623085239)
  [1m[36mTRANSACTION (0.2ms)[0m  [1m[36mbegin transaction[0m
  [1m[35m (0.8ms)[0m  [1m[35mCREATE TABLE "pizzas" ("id" integer PRIMARY KEY AUTOINCREMENT NOT NULL, "name" varchar, "ingredients" varchar, "created_at" datetime(6) NOT NULL, "updated_at" datetime(6) NOT NULL)[0m
  [1m[36mActiveRecord::SchemaMigration Create (0.5ms)[0m  [1m[32mINSERT INTO "schema_migrations" ("version") VALUES (?)[0m  [["version", "20230623085239"]]
  [1m[36mTRANSACTION (151.6ms)[0m  [1m[36mcommit transaction[0m
Migrating to CreateRestaurantPizzas (20230623085316)
  [1m[36mTRANSACTION (0.2ms)[0m  [1m[36mbegin transaction[0m
  [1m[35m (1.0ms)[0m  [1m[35mCREATE TABLE "restaurant_pizzas" ("id" integer PRIMARY KEY AUTOINCREMENT NOT NULL, "restaurant_id" integer NOT NULL, "pizza_id" integer NOT NULL, "price" integer, "created_at" datetime(6) NOT NULL, "updated_at" datetime(6) NOT NULL, CONSTRAINT "fk_rails_f279821f06"
FOREIGN KEY ("restaurant_id")
  REFERENCES "restaurants" ("id")
, CONSTRAINT "fk_rails_ab3bb148dc"
FOREIGN KEY ("pizza_id")
  REFERENCES "pizzas" ("id")
)[0m
  [1m[35m (0.4ms)[0m  [1m[35mCREATE INDEX "index_restaurant_pizzas_on_restaurant_id" ON "restaurant_pizzas" ("restaurant_id")[0m
  [1m[35m (0.4ms)[0m  [1m[35mCREATE INDEX "index_restaurant_pizzas_on_pizza_id" ON "restaurant_pizzas" ("pizza_id")[0m
  [1m[36mActiveRecord::SchemaMigration Create (0.5ms)[0m  [1m[32mINSERT INTO "schema_migrations" ("version") VALUES (?)[0m  [["version", "20230623085316"]]
  [1m[36mTRANSACTION (133.2ms)[0m  [1m[36mcommit transaction[0m
  [1m[36mActiveRecord::InternalMetadata Load (0.2ms)[0m  [1m[34mSELECT "ar_internal_metadata".* FROM "ar_internal_metadata" WHERE "ar_internal_metadata"."key" = ? LIMIT ?[0m  [["key", "environment"], ["LIMIT", 1]]
  [1m[36mTRANSACTION (0.1ms)[0m  [1m[36mbegin transaction[0m
  [1m[36mActiveRecord::InternalMetadata Create (0.3ms)[0m  [1m[32mINSERT INTO "ar_internal_metadata" ("key", "value", "created_at", "updated_at") VALUES (?, ?, ?, ?)[0m  [["key", "environment"], ["value", "development"], ["created_at", "2023-06-23 08:57:16.393347"], ["updated_at", "2023-06-23 08:57:16.393347"]]
  [1m[36mTRANSACTION (100.7ms)[0m  [1m[36mcommit transaction[0m
  [1m[36mActiveRecord::SchemaMigration Pluck (0.3ms)[0m  [1m[34mSELECT "schema_migrations"."version" FROM "schema_migrations" ORDER BY "schema_migrations"."version" ASC[0m
  [1m[36mActiveRecord::SchemaMigration Pluck (0.2ms)[0m  [1m[34mSELECT "schema_migrations"."version" FROM "schema_migrations" ORDER BY "schema_migrations"."version" ASC[0m
  [1m[36mActiveRecord::InternalMetadata Load (0.1ms)[0m  [1m[34mSELECT "ar_internal_metadata".* FROM "ar_internal_metadata" WHERE "ar_internal_metadata"."key" = ? LIMIT ?[0m  [["key", "environment"], ["LIMIT", 1]]
  [1m[36mActiveRecord::SchemaMigration Pluck (0.1ms)[0m  [1m[34mSELECT "schema_migrations"."version" FROM "schema_migrations" ORDER BY "schema_migrations"."version" ASC[0m
  [1m[36mActiveRecord::SchemaMigration Pluck (0.1ms)[0m  [1m[34mSELECT "schema_migrations"."version" FROM "schema_migrations" ORDER BY "schema_migrations"."version" ASC[0m
  [1m[36mTRANSACTION (0.1ms)[0m  [1m[36mbegin transaction[0m
  [1m[36mRestaurant Create (0.4ms)[0m  [1m[32mINSERT INTO "restaurants" ("name", "address", "created_at", "updated_at") VALUES (?, ?, ?, ?)[0m  [["name", "Sottocasa NYC"], ["address", "298 Atlantic Ave, Brooklyn, NY 11201"], ["created_at", "2023-06-23 09:32:24.591422"], ["updated_at", "2023-06-23 09:32:24.591422"]]
  [1m[36mTRANSACTION (124.0ms)[0m  [1m[36mcommit transaction[0m
  [1m[36mTRANSACTION (0.1ms)[0m  [1m[36mbegin transaction[0m
  [1m[36mRestaurant Create (0.3ms)[0m  [1m[32mINSERT INTO "restaurants" ("name", "address", "created_at", "updated_at") VALUES (?, ?, ?, ?)[0m  [["name", "PizzArte"], ["address", "69 W 55th St, New York, NY 10019"], ["created_at", "2023-06-23 09:32:24.719483"], ["updated_at", "2023-06-23 09:32:24.719483"]]
  [1m[36mTRANSACTION (73.0ms)[0m  [1m[36mcommit transaction[0m
  [1m[36mActiveRecord::SchemaMigration Pluck (0.1ms)[0m  [1m[34mSELECT "schema_migrations"."version" FROM "schema_migrations" ORDER BY "schema_migrations"."version" ASC[0m
  [1m[36mTRANSACTION (0.1ms)[0m  [1m[36mbegin transaction[0m
  [1m[36mRestaurant Create (0.3ms)[0m  [1m[32mINSERT INTO "restaurants" ("name", "address", "created_at", "updated_at") VALUES (?, ?, ?, ?)[0m  [["name", "Sottocasa NYC"], ["address", "298 Atlantic Ave, Brooklyn, NY 11201"], ["created_at", "2023-06-23 09:32:30.807823"], ["updated_at", "2023-06-23 09:32:30.807823"]]
  [1m[36mTRANSACTION (134.6ms)[0m  [1m[36mcommit transaction[0m
  [1m[36mTRANSACTION (0.1ms)[0m  [1m[36mbegin transaction[0m
  [1m[36mRestaurant Create (0.3ms)[0m  [1m[32mINSERT INTO "restaurants" ("name", "address", "created_at", "updated_at") VALUES (?, ?, ?, ?)[0m  [["name", "PizzArte"], ["address", "69 W 55th St, New York, NY 10019"], ["created_at", "2023-06-23 09:32:30.946995"], ["updated_at", "2023-06-23 09:32:30.946995"]]
  [1m[36mTRANSACTION (85.0ms)[0m  [1m[36mcommit transaction[0m
Started GET "/" for 127.0.0.1 at 2023-06-23 12:35:20 +0300
  [1m[36mActiveRecord::SchemaMigration Pluck (0.2ms)[0m  [1m[34mSELECT "schema_migrations"."version" FROM "schema_migrations" ORDER BY "schema_migrations"."version" ASC[0m
Processing by Rails::WelcomeController#index as HTML
  Rendering /usr/share/rvm/gems/ruby-3.1.3/gems/railties-7.0.5/lib/rails/templates/rails/welcome/index.html.erb
  Rendered /usr/share/rvm/gems/ruby-3.1.3/gems/railties-7.0.5/lib/rails/templates/rails/welcome/index.html.erb (Duration: 4.5ms | Allocations: 635)
Completed 200 OK in 69ms (Views: 15.5ms | ActiveRecord: 0.0ms | Allocations: 6857)


Started GET "/restaurants" for 127.0.0.1 at 2023-06-23 12:43:07 +0300
  
SyntaxError (/home/nase/phase 4 Rails/pizza_tracker/app/controllers/restaurants_controller.rb:17: syntax error, unexpected end-of-input):
  
app/controllers/restaurants_controller.rb:17: syntax error, unexpected end-of-input
app/controllers/restaurants_controller.rb:17: syntax error, unexpected end-of-input
